<?xml version="1.0" encoding="UTF-8"?>
<!-- Generated by org.testng.reporters.JUnitReportReporter -->
<testsuite hostname="DESKTOP-77FMI0B" failures="0" tests="3" name="cucumberOptions.TestNG_TestRunner" time="41.661" errors="0" timestamp="2025-01-06T11:56:23 IST" skipped="0">
  <testcase classname="cucumberOptions.TestNG_TestRunner" name="runScenario" time="12.449"/>
  <testcase classname="cucumberOptions.TestNG_TestRunner" name="runScenario" time="12.654"/>
  <testcase classname="cucumberOptions.TestNG_TestRunner" name="runScenario" time="16.558"/>
</testsuite> <!-- cucumberOptions.TestNG_TestRunner -->
