<?xml version="1.0" encoding="UTF-8"?>
<!-- Generated by org.testng.reporters.JUnitReportReporter -->
<testsuite hostname="DESKTOP-77FMI0B" failures="0" tests="1" name="cucumberOptions.TestNG_TestRunner" time="38.085" errors="0" timestamp="2025-01-04T07:48:09 IST" skipped="0">
  <testcase classname="cucumberOptions.TestNG_TestRunner" name="runScenario" time="38.085"/>
</testsuite> <!-- cucumberOptions.TestNG_TestRunner -->
