<?xml version="1.0" encoding="UTF-8"?>
<!-- Generated by org.testng.reporters.JUnitReportReporter -->
<testsuite hostname="DESKTOP-77FMI0B" failures="0" tests="2" name="cucumberOptions.TestNG_TestRunner" time="27.656" errors="0" timestamp="2025-01-06T13:20:10 IST" skipped="0">
  <testcase classname="cucumberOptions.TestNG_TestRunner" name="runScenario" time="15.745"/>
  <testcase classname="cucumberOptions.TestNG_TestRunner" name="runScenario" time="11.911"/>
</testsuite> <!-- cucumberOptions.TestNG_TestRunner -->
