<?xml version="1.0" encoding="UTF-8"?>
<!-- Generated by org.testng.reporters.JUnitReportReporter -->
<testsuite hostname="DESKTOP-77FMI0B" failures="0" tests="1" name="cucumberOptions.TestNG_TestRunner" time="10.432" errors="0" timestamp="2025-01-07T11:52:40 IST" skipped="0">
  <testcase classname="cucumberOptions.TestNG_TestRunner" name="runScenario" time="10.432"/>
</testsuite> <!-- cucumberOptions.TestNG_TestRunner -->
